<?xml version="1.0" encoding="UTF-8"?>
<!-- Generated by org.testng.reporters.JUnitReportReporter -->
<testsuite hostname="TG" failures="0" tests="1" name="test.java.carritocompras.EjemploTelefono_Test" time="31.044" errors="0" timestamp="2025-01-22T16:49:27 CLST" skipped="0">
  <testcase classname="test.java.carritocompras.EjemploTelefono_Test" name="QAS12" time="31.044"/>
  <system-out/>
</testsuite> <!-- test.java.carritocompras.EjemploTelefono_Test -->
