<?xml version="1.0" encoding="UTF-8"?>
<!-- Generated by org.testng.reporters.JUnitReportReporter -->
<testsuite hostname="TG" failures="0" tests="1" name="test.java.carritocompras.EjemploMascota_Test" time="41.067" errors="0" timestamp="2025-01-21T10:35:25 CLST" skipped="0">
  <testcase classname="test.java.carritocompras.EjemploMascota_Test" name="QAS12" time="41.067"/>
  <system-out/>
</testsuite> <!-- test.java.carritocompras.EjemploMascota_Test -->
