<?xml version="1.0" encoding="UTF-8"?>
<!-- Generated by org.testng.reporters.JUnitReportReporter -->
<testsuite hostname="TG" failures="0" tests="1" name="test.java.carritocompras.Ejemplo_Test" time="6.508" errors="0" timestamp="2024-08-26T17:38:32 CLT" skipped="0">
  <testcase classname="test.java.carritocompras.Ejemplo_Test" name="QAS12" time="6.508"/>
  <system-out/>
</testsuite> <!-- test.java.carritocompras.Ejemplo_Test -->
